2024-09-16 13:01:22,232 - ERROR - Exception on /IBST/39 [DELETE]
Traceback (most recent call last):
  File "C:\Users\Chris\.virtualenvs\Backend-NKSSbLU1\Lib\site-packages\sqlalchemy\orm\session.py", line 3478, in delete
    state = attributes.instance_state(instance)
            ^^^^^^^^^^^^^^^^^^^^^^^^^^^^^^^^^^^
AttributeError: 'NoneType' object has no attribute '_sa_instance_state'

The above exception was the direct cause of the following exception:

Traceback (most recent call last):
  File "C:\Users\Chris\.virtualenvs\Backend-NKSSbLU1\Lib\site-packages\flask\app.py", line 1473, in wsgi_app
    response = self.full_dispatch_request()
               ^^^^^^^^^^^^^^^^^^^^^^^^^^^^
  File "C:\Users\Chris\.virtualenvs\Backend-NKSSbLU1\Lib\site-packages\flask\app.py", line 882, in full_dispatch_request
    rv = self.handle_user_exception(e)
         ^^^^^^^^^^^^^^^^^^^^^^^^^^^^^
  File "C:\Users\Chris\.virtualenvs\Backend-NKSSbLU1\Lib\site-packages\flask_cors\extension.py", line 178, in wrapped_function
    return cors_after_request(app.make_response(f(*args, **kwargs)))
                                                ^^^^^^^^^^^^^^^^^^
  File "C:\Users\Chris\.virtualenvs\Backend-NKSSbLU1\Lib\site-packages\flask\app.py", line 880, in full_dispatch_request
    rv = self.dispatch_request()
         ^^^^^^^^^^^^^^^^^^^^^^^
  File "C:\Users\Chris\.virtualenvs\Backend-NKSSbLU1\Lib\site-packages\flask\app.py", line 865, in dispatch_request
    return self.ensure_sync(self.view_functions[rule.endpoint])(**view_args)  # type: ignore[no-any-return]
           ^^^^^^^^^^^^^^^^^^^^^^^^^^^^^^^^^^^^^^^^^^^^^^^^^^^^^^^^^^^^^^^^^
  File "C:\Users\Chris\Desktop\MaintTracker\Backend\app.py", line 320, in ibst_delete
    db.session.delete(ibst)
  File "C:\Users\Chris\.virtualenvs\Backend-NKSSbLU1\Lib\site-packages\sqlalchemy\orm\scoping.py", line 672, in delete
    return self._proxied.delete(instance)
           ^^^^^^^^^^^^^^^^^^^^^^^^^^^^^^
  File "C:\Users\Chris\.virtualenvs\Backend-NKSSbLU1\Lib\site-packages\sqlalchemy\orm\session.py", line 3480, in delete
    raise exc.UnmappedInstanceError(instance) from err
sqlalchemy.orm.exc.UnmappedInstanceError: Class 'builtins.NoneType' is not mapped
2024-09-16 13:02:07,352 - DEBUG - New IBST added: <IBST (transient 2232436864832)>
2024-09-16 13:02:38,521 - DEBUG - New IBST added: <IBST (transient 2232436854224)>
2024-09-16 13:03:04,835 - DEBUG - New IBST added: <IBST (transient 2232436980240)>
2024-09-16 13:04:01,120 - DEBUG - New IBST added: <IBST (transient 2232436966032)>
2024-09-16 13:09:53,483 - DEBUG - New IBST added: <IBST (transient 2232437016672)>
2024-09-16 13:10:19,139 - DEBUG - New IBST added: <IBST (transient 2232437018016)>
2024-09-16 13:10:33,761 - DEBUG - New IBST added: <IBST (transient 2232437019552)>
2024-09-16 13:10:46,842 - DEBUG - New IBST added: <IBST (transient 2232437018880)>
2024-09-16 13:13:14,920 - DEBUG - New IBST added: <IBST (transient 2232437016384)>
2024-09-16 13:14:31,090 - DEBUG - New IBST added: <IBST (transient 2232437019888)>
2024-09-16 13:16:15,620 - DEBUG - New IBST added: <IBST (transient 2232437023296)>
2024-09-16 13:16:51,283 - DEBUG - New IBST added: <IBST (transient 2232437023104)>
2024-09-16 13:17:23,076 - DEBUG - New IBST added: <IBST (transient 2232437025312)>
2024-09-16 13:18:14,603 - DEBUG - New IBST added: <IBST (transient 2232437024832)>
2024-09-16 13:18:55,946 - DEBUG - New IBST added: <IBST (transient 2232436974096)>
2024-09-16 13:19:19,516 - DEBUG - New IBST added: <IBST (transient 2232436970496)>
2024-09-16 13:21:06,773 - DEBUG - New IBST added: <IBST (transient 2232437017920)>
2024-09-16 13:21:40,321 - DEBUG - New IBST added: <IBST (transient 2232436968768)>
2024-09-16 13:22:07,615 - DEBUG - New IBST added: <IBST (transient 2232436864880)>
2024-09-16 13:27:16,614 - DEBUG - New IBST added: <IBST (transient 2232498713808)>
2024-09-16 13:27:44,052 - DEBUG - New IBST added: <IBST (transient 2232436975104)>
2024-09-16 13:28:53,355 - DEBUG - New IBST added: <IBST (transient 2232498704400)>
2024-09-16 13:31:23,566 - DEBUG - New IBST added: <IBST (transient 2232498706752)>
2024-09-16 13:32:45,396 - DEBUG - New IBST added: <IBST (transient 2232498709152)>
2024-09-16 13:33:19,580 - DEBUG - New IBST added: <IBST (transient 2232498702528)>
2024-09-16 13:34:04,041 - DEBUG - New IBST added: <IBST (transient 2232498704592)>
